<?xml version="1.0" encoding="UTF-8"?>
<testsuite name="com.example.insuredopenapi.InsuredOpenApiApplicationTests" tests="1" skipped="0" failures="0" errors="0" timestamp="2021-05-31T20:46:08" hostname="Esls-MBP" time="0.787">
  <properties/>
  <testcase name="contextLoads()" classname="com.example.insuredopenapi.InsuredOpenApiApplicationTests" time="0.787"/>
  <system-out><![CDATA[2021-05-31 21:46:08.377  INFO 14724 --- [    Test worker] .b.t.c.SpringBootTestContextBootstrapper : Neither @ContextConfiguration nor @ContextHierarchy found for test class [com.example.insuredopenapi.InsuredOpenApiApplicationTests], using SpringBootContextLoader
2021-05-31 21:46:08.378  INFO 14724 --- [    Test worker] o.s.t.c.support.AbstractContextLoader    : Could not detect default resource locations for test class [com.example.insuredopenapi.InsuredOpenApiApplicationTests]: no resource found for suffixes {-context.xml, Context.groovy}.
2021-05-31 21:46:08.378  INFO 14724 --- [    Test worker] t.c.s.AnnotationConfigContextLoaderUtils : Could not detect default configuration classes for test class [com.example.insuredopenapi.InsuredOpenApiApplicationTests]: InsuredOpenApiApplicationTests does not declare any static, non-private, non-final, nested classes annotated with @Configuration.
2021-05-31 21:46:08.381  INFO 14724 --- [    Test worker] .b.t.c.SpringBootTestContextBootstrapper : Found @SpringBootConfiguration com.example.insuredopenapi.InsuredOpenApiApplication for test class com.example.insuredopenapi.InsuredOpenApiApplicationTests
2021-05-31 21:46:08.383  INFO 14724 --- [    Test worker] .b.t.c.SpringBootTestContextBootstrapper : Loaded default TestExecutionListener class names from location [META-INF/spring.factories]: [org.springframework.boot.test.autoconfigure.restdocs.RestDocsTestExecutionListener, org.springframework.boot.test.autoconfigure.web.client.MockRestServiceServerResetTestExecutionListener, org.springframework.boot.test.autoconfigure.web.servlet.MockMvcPrintOnlyOnFailureTestExecutionListener, org.springframework.boot.test.autoconfigure.web.servlet.WebDriverTestExecutionListener, org.springframework.boot.test.autoconfigure.webservices.client.MockWebServiceServerTestExecutionListener, org.springframework.boot.test.mock.mockito.MockitoTestExecutionListener, org.springframework.boot.test.mock.mockito.ResetMocksTestExecutionListener, org.springframework.test.context.web.ServletTestExecutionListener, org.springframework.test.context.support.DirtiesContextBeforeModesTestExecutionListener, org.springframework.test.context.event.ApplicationEventsTestExecutionListener, org.springframework.test.context.support.DependencyInjectionTestExecutionListener, org.springframework.test.context.support.DirtiesContextTestExecutionListener, org.springframework.test.context.transaction.TransactionalTestExecutionListener, org.springframework.test.context.jdbc.SqlScriptsTestExecutionListener, org.springframework.test.context.event.EventPublishingTestExecutionListener]
2021-05-31 21:46:08.383  INFO 14724 --- [    Test worker] .b.t.c.SpringBootTestContextBootstrapper : Using TestExecutionListeners: [org.springframework.test.context.web.ServletTestExecutionListener@3ee36877, org.springframework.test.context.support.DirtiesContextBeforeModesTestExecutionListener@6d37d433, org.springframework.test.context.event.ApplicationEventsTestExecutionListener@2429bbf6, org.springframework.boot.test.mock.mockito.MockitoTestExecutionListener@1f9131b9, org.springframework.boot.test.autoconfigure.SpringBootDependencyInjectionTestExecutionListener@3a9452ec, org.springframework.test.context.support.DirtiesContextTestExecutionListener@69d18fc1, org.springframework.test.context.transaction.TransactionalTestExecutionListener@4e6f06, org.springframework.test.context.jdbc.SqlScriptsTestExecutionListener@16449a4f, org.springframework.test.context.event.EventPublishingTestExecutionListener@edfb959, org.springframework.boot.test.autoconfigure.restdocs.RestDocsTestExecutionListener@6b1590c4, org.springframework.boot.test.autoconfigure.web.client.MockRestServiceServerResetTestExecutionListener@18d0f4ff, org.springframework.boot.test.autoconfigure.web.servlet.MockMvcPrintOnlyOnFailureTestExecutionListener@2af49348, org.springframework.boot.test.autoconfigure.web.servlet.WebDriverTestExecutionListener@5912f23e, org.springframework.boot.test.autoconfigure.webservices.client.MockWebServiceServerTestExecutionListener@1e46ca68, org.springframework.boot.test.mock.mockito.ResetMocksTestExecutionListener@12eb253]

  .   ____          _            __ _ _
 /\\ / ___'_ __ _ _(_)_ __  __ _ \ \ \ \
( ( )\___ | '_ | '_| | '_ \/ _` | \ \ \ \
 \\/  ___)| |_)| | | | | || (_| |  ) ) ) )
  '  |____| .__|_| |_|_| |_\__, | / / / /
 =========|_|==============|___/=/_/_/_/
 :: Spring Boot ::                (v2.5.0)

2021-05-31 21:46:08.415  INFO 14724 --- [    Test worker] c.e.i.InsuredOpenApiApplication          : Starting InsuredOpenApiApplication using Java 15.0.2 on Esls-MBP with PID 14724 (started by eslcloud in /Users/tolani/Documents/learn-projects/insured-open-api)
2021-05-31 21:46:08.415  INFO 14724 --- [    Test worker] c.e.i.InsuredOpenApiApplication          : No active profile set, falling back to default profiles: default
2021-05-31 21:46:08.538  INFO 14724 --- [    Test worker] .s.d.r.c.RepositoryConfigurationDelegate : Bootstrapping Spring Data JPA repositories in DEFAULT mode.
2021-05-31 21:46:08.544  INFO 14724 --- [    Test worker] .s.d.r.c.RepositoryConfigurationDelegate : Finished Spring Data repository scanning in 5 ms. Found 1 JPA repository interfaces.
2021-05-31 21:46:08.744  INFO 14724 --- [    Test worker] o.s.b.w.embedded.tomcat.TomcatWebServer  : Tomcat initialized with port(s): 8080 (http)
2021-05-31 21:46:08.756  INFO 14724 --- [    Test worker] o.apache.catalina.core.StandardService   : Starting service [Tomcat]
2021-05-31 21:46:08.757  INFO 14724 --- [    Test worker] org.apache.catalina.core.StandardEngine  : Starting Servlet engine: [Apache Tomcat/9.0.46]
2021-05-31 21:46:08.858  INFO 14724 --- [    Test worker] o.a.c.c.C.[Tomcat].[localhost].[/]       : Initializing Spring embedded WebApplicationContext
2021-05-31 21:46:08.858  INFO 14724 --- [    Test worker] w.s.c.ServletWebServerApplicationContext : Root WebApplicationContext: initialization completed in 441 ms
2021-05-31 21:46:08.939  INFO 14724 --- [    Test worker] o.hibernate.jpa.internal.util.LogHelper  : HHH000204: Processing PersistenceUnitInfo [name: default]
2021-05-31 21:46:08.944  INFO 14724 --- [    Test worker] com.zaxxer.hikari.HikariDataSource       : HikariPool-2 - Starting...
2021-05-31 21:46:08.945  INFO 14724 --- [    Test worker] com.zaxxer.hikari.HikariDataSource       : HikariPool-2 - Start completed.
2021-05-31 21:46:08.945  INFO 14724 --- [    Test worker] org.hibernate.dialect.Dialect            : HHH000400: Using dialect: org.hibernate.dialect.H2Dialect
2021-05-31 21:46:08.993  INFO 14724 --- [    Test worker] o.h.e.t.j.p.i.JtaPlatformInitiator       : HHH000490: Using JtaPlatform implementation: [org.hibernate.engine.transaction.jta.platform.internal.NoJtaPlatform]
2021-05-31 21:46:08.994  INFO 14724 --- [    Test worker] j.LocalContainerEntityManagerFactoryBean : Initialized JPA EntityManagerFactory for persistence unit 'default'
2021-05-31 21:46:09.047  WARN 14724 --- [    Test worker] JpaBaseConfiguration$JpaWebConfiguration : spring.jpa.open-in-view is enabled by default. Therefore, database queries may be performed during view rendering. Explicitly configure spring.jpa.open-in-view to disable this warning
2021-05-31 21:46:09.165  INFO 14724 --- [    Test worker] o.s.b.w.embedded.tomcat.TomcatWebServer  : Tomcat started on port(s): 8080 (http) with context path ''
2021-05-31 21:46:09.168  INFO 14724 --- [    Test worker] c.e.i.InsuredOpenApiApplication          : Started InsuredOpenApiApplication in 0.78 seconds (JVM running for 8.782)
2021-05-31 21:46:09.169  INFO 14724 --- [    Test worker] o.s.b.a.ApplicationAvailabilityBean      : Application availability state LivenessState changed to CORRECT
2021-05-31 21:46:09.170  INFO 14724 --- [    Test worker] o.s.b.a.ApplicationAvailabilityBean      : Application availability state ReadinessState changed to ACCEPTING_TRAFFIC
]]></system-out>
  <system-err><![CDATA[]]></system-err>
</testsuite>
