<?xml version="1.0" encoding="UTF-8"?>
<testsuite name="com.example.insuredopenapi.service.BlogServiceTest" tests="3" skipped="0" failures="0" errors="0" timestamp="2021-05-31T20:46:09" hostname="Esls-MBP" time="0.139">
  <properties/>
  <testcase name="fetchBlog()" classname="com.example.insuredopenapi.service.BlogServiceTest" time="0.097"/>
  <testcase name="addBlog()" classname="com.example.insuredopenapi.service.BlogServiceTest" time="0.035"/>
  <testcase name="fetchOneBlog()" classname="com.example.insuredopenapi.service.BlogServiceTest" time="0.005"/>
  <system-out><![CDATA[2021-05-31 21:46:09.175  INFO 14724 --- [    Test worker] .b.t.c.SpringBootTestContextBootstrapper : Neither @ContextConfiguration nor @ContextHierarchy found for test class [com.example.insuredopenapi.service.BlogServiceTest], using SpringBootContextLoader
2021-05-31 21:46:09.176  INFO 14724 --- [    Test worker] o.s.t.c.support.AbstractContextLoader    : Could not detect default resource locations for test class [com.example.insuredopenapi.service.BlogServiceTest]: no resource found for suffixes {-context.xml, Context.groovy}.
2021-05-31 21:46:09.176  INFO 14724 --- [    Test worker] t.c.s.AnnotationConfigContextLoaderUtils : Could not detect default configuration classes for test class [com.example.insuredopenapi.service.BlogServiceTest]: BlogServiceTest does not declare any static, non-private, non-final, nested classes annotated with @Configuration.
2021-05-31 21:46:09.182  INFO 14724 --- [    Test worker] .b.t.c.SpringBootTestContextBootstrapper : Found @SpringBootConfiguration com.example.insuredopenapi.InsuredOpenApiApplication for test class com.example.insuredopenapi.service.BlogServiceTest
2021-05-31 21:46:09.183  INFO 14724 --- [    Test worker] .b.t.c.SpringBootTestContextBootstrapper : Loaded default TestExecutionListener class names from location [META-INF/spring.factories]: [org.springframework.boot.test.autoconfigure.restdocs.RestDocsTestExecutionListener, org.springframework.boot.test.autoconfigure.web.client.MockRestServiceServerResetTestExecutionListener, org.springframework.boot.test.autoconfigure.web.servlet.MockMvcPrintOnlyOnFailureTestExecutionListener, org.springframework.boot.test.autoconfigure.web.servlet.WebDriverTestExecutionListener, org.springframework.boot.test.autoconfigure.webservices.client.MockWebServiceServerTestExecutionListener, org.springframework.boot.test.mock.mockito.MockitoTestExecutionListener, org.springframework.boot.test.mock.mockito.ResetMocksTestExecutionListener, org.springframework.test.context.web.ServletTestExecutionListener, org.springframework.test.context.support.DirtiesContextBeforeModesTestExecutionListener, org.springframework.test.context.event.ApplicationEventsTestExecutionListener, org.springframework.test.context.support.DependencyInjectionTestExecutionListener, org.springframework.test.context.support.DirtiesContextTestExecutionListener, org.springframework.test.context.transaction.TransactionalTestExecutionListener, org.springframework.test.context.jdbc.SqlScriptsTestExecutionListener, org.springframework.test.context.event.EventPublishingTestExecutionListener]
2021-05-31 21:46:09.183  INFO 14724 --- [    Test worker] .b.t.c.SpringBootTestContextBootstrapper : Using TestExecutionListeners: [org.springframework.test.context.web.ServletTestExecutionListener@27e245f6, org.springframework.test.context.support.DirtiesContextBeforeModesTestExecutionListener@22901864, org.springframework.test.context.event.ApplicationEventsTestExecutionListener@12e9ec93, org.springframework.boot.test.mock.mockito.MockitoTestExecutionListener@38001432, org.springframework.boot.test.autoconfigure.SpringBootDependencyInjectionTestExecutionListener@df83b31, org.springframework.test.context.support.DirtiesContextTestExecutionListener@2f8941d2, org.springframework.test.context.transaction.TransactionalTestExecutionListener@7259adc4, org.springframework.test.context.jdbc.SqlScriptsTestExecutionListener@4a409639, org.springframework.test.context.event.EventPublishingTestExecutionListener@62d0df3, org.springframework.boot.test.autoconfigure.restdocs.RestDocsTestExecutionListener@634f5b35, org.springframework.boot.test.autoconfigure.web.client.MockRestServiceServerResetTestExecutionListener@5c47fd15, org.springframework.boot.test.autoconfigure.web.servlet.MockMvcPrintOnlyOnFailureTestExecutionListener@12f849fa, org.springframework.boot.test.autoconfigure.web.servlet.WebDriverTestExecutionListener@7cd48cc3, org.springframework.boot.test.autoconfigure.webservices.client.MockWebServiceServerTestExecutionListener@65dbf69f, org.springframework.boot.test.mock.mockito.ResetMocksTestExecutionListener@6970064]

  .   ____          _            __ _ _
 /\\ / ___'_ __ _ _(_)_ __  __ _ \ \ \ \
( ( )\___ | '_ | '_| | '_ \/ _` | \ \ \ \
 \\/  ___)| |_)| | | | | || (_| |  ) ) ) )
  '  |____| .__|_| |_|_| |_\__, | / / / /
 =========|_|==============|___/=/_/_/_/
 :: Spring Boot ::                (v2.5.0)

2021-05-31 21:46:09.201  INFO 14724 --- [    Test worker] c.e.i.service.BlogServiceTest            : Starting BlogServiceTest using Java 15.0.2 on Esls-MBP with PID 14724 (started by eslcloud in /Users/tolani/Documents/learn-projects/insured-open-api)
2021-05-31 21:46:09.202  INFO 14724 --- [    Test worker] c.e.i.service.BlogServiceTest            : No active profile set, falling back to default profiles: default
2021-05-31 21:46:09.323  INFO 14724 --- [    Test worker] .s.d.r.c.RepositoryConfigurationDelegate : Bootstrapping Spring Data JPA repositories in DEFAULT mode.
2021-05-31 21:46:09.331  INFO 14724 --- [    Test worker] .s.d.r.c.RepositoryConfigurationDelegate : Finished Spring Data repository scanning in 7 ms. Found 1 JPA repository interfaces.
2021-05-31 21:46:09.510  INFO 14724 --- [    Test worker] o.hibernate.jpa.internal.util.LogHelper  : HHH000204: Processing PersistenceUnitInfo [name: default]
2021-05-31 21:46:09.514  INFO 14724 --- [    Test worker] com.zaxxer.hikari.HikariDataSource       : HikariPool-3 - Starting...
2021-05-31 21:46:09.515  INFO 14724 --- [    Test worker] com.zaxxer.hikari.HikariDataSource       : HikariPool-3 - Start completed.
2021-05-31 21:46:09.515  INFO 14724 --- [    Test worker] org.hibernate.dialect.Dialect            : HHH000400: Using dialect: org.hibernate.dialect.H2Dialect
2021-05-31 21:46:09.556  INFO 14724 --- [    Test worker] o.h.e.t.j.p.i.JtaPlatformInitiator       : HHH000490: Using JtaPlatform implementation: [org.hibernate.engine.transaction.jta.platform.internal.NoJtaPlatform]
2021-05-31 21:46:09.557  INFO 14724 --- [    Test worker] j.LocalContainerEntityManagerFactoryBean : Initialized JPA EntityManagerFactory for persistence unit 'default'
2021-05-31 21:46:09.628  WARN 14724 --- [    Test worker] JpaBaseConfiguration$JpaWebConfiguration : spring.jpa.open-in-view is enabled by default. Therefore, database queries may be performed during view rendering. Explicitly configure spring.jpa.open-in-view to disable this warning
2021-05-31 21:46:09.872  INFO 14724 --- [    Test worker] c.e.i.service.BlogServiceTest            : Started BlogServiceTest in 0.687 seconds (JVM running for 9.486)
2021-05-31 21:46:09.873  INFO 14724 --- [    Test worker] o.s.b.a.ApplicationAvailabilityBean      : Application availability state LivenessState changed to CORRECT
2021-05-31 21:46:09.873  INFO 14724 --- [    Test worker] o.s.b.a.ApplicationAvailabilityBean      : Application availability state ReadinessState changed to ACCEPTING_TRAFFIC
]]></system-out>
  <system-err><![CDATA[]]></system-err>
</testsuite>
