<?xml version="1.0" encoding="UTF-8"?>
<testsuite name="com.example.insuredopenapi.InsuredOpenApiApplicationTests" tests="1" skipped="0" failures="0" errors="0" timestamp="2021-05-31T14:09:13" hostname="Esls-MBP" time="1.577">
  <properties/>
  <testcase name="contextLoads()" classname="com.example.insuredopenapi.InsuredOpenApiApplicationTests" time="1.577"/>
  <system-out><![CDATA[2021-05-31 15:09:13.723  INFO 9644 --- [    Test worker] .b.t.c.SpringBootTestContextBootstrapper : Neither @ContextConfiguration nor @ContextHierarchy found for test class [com.example.insuredopenapi.InsuredOpenApiApplicationTests], using SpringBootContextLoader
2021-05-31 15:09:13.724  INFO 9644 --- [    Test worker] o.s.t.c.support.AbstractContextLoader    : Could not detect default resource locations for test class [com.example.insuredopenapi.InsuredOpenApiApplicationTests]: no resource found for suffixes {-context.xml, Context.groovy}.
2021-05-31 15:09:13.724  INFO 9644 --- [    Test worker] t.c.s.AnnotationConfigContextLoaderUtils : Could not detect default configuration classes for test class [com.example.insuredopenapi.InsuredOpenApiApplicationTests]: InsuredOpenApiApplicationTests does not declare any static, non-private, non-final, nested classes annotated with @Configuration.
2021-05-31 15:09:13.730  INFO 9644 --- [    Test worker] .b.t.c.SpringBootTestContextBootstrapper : Found @SpringBootConfiguration com.example.insuredopenapi.InsuredOpenApiApplication for test class com.example.insuredopenapi.InsuredOpenApiApplicationTests
2021-05-31 15:09:13.733  INFO 9644 --- [    Test worker] .b.t.c.SpringBootTestContextBootstrapper : Loaded default TestExecutionListener class names from location [META-INF/spring.factories]: [org.springframework.boot.test.autoconfigure.restdocs.RestDocsTestExecutionListener, org.springframework.boot.test.autoconfigure.web.client.MockRestServiceServerResetTestExecutionListener, org.springframework.boot.test.autoconfigure.web.servlet.MockMvcPrintOnlyOnFailureTestExecutionListener, org.springframework.boot.test.autoconfigure.web.servlet.WebDriverTestExecutionListener, org.springframework.boot.test.autoconfigure.webservices.client.MockWebServiceServerTestExecutionListener, org.springframework.boot.test.mock.mockito.MockitoTestExecutionListener, org.springframework.boot.test.mock.mockito.ResetMocksTestExecutionListener, org.springframework.test.context.web.ServletTestExecutionListener, org.springframework.test.context.support.DirtiesContextBeforeModesTestExecutionListener, org.springframework.test.context.event.ApplicationEventsTestExecutionListener, org.springframework.test.context.support.DependencyInjectionTestExecutionListener, org.springframework.test.context.support.DirtiesContextTestExecutionListener, org.springframework.test.context.transaction.TransactionalTestExecutionListener, org.springframework.test.context.jdbc.SqlScriptsTestExecutionListener, org.springframework.test.context.event.EventPublishingTestExecutionListener]
2021-05-31 15:09:13.734  INFO 9644 --- [    Test worker] .b.t.c.SpringBootTestContextBootstrapper : Using TestExecutionListeners: [org.springframework.test.context.web.ServletTestExecutionListener@49ac0ded, org.springframework.test.context.support.DirtiesContextBeforeModesTestExecutionListener@1716030f, org.springframework.test.context.event.ApplicationEventsTestExecutionListener@49036251, org.springframework.boot.test.mock.mockito.MockitoTestExecutionListener@67bd05fc, org.springframework.boot.test.autoconfigure.SpringBootDependencyInjectionTestExecutionListener@4e57bf83, org.springframework.test.context.support.DirtiesContextTestExecutionListener@697ed33d, org.springframework.test.context.transaction.TransactionalTestExecutionListener@3bbd35a9, org.springframework.test.context.jdbc.SqlScriptsTestExecutionListener@342045c7, org.springframework.test.context.event.EventPublishingTestExecutionListener@47f84f67, org.springframework.boot.test.autoconfigure.restdocs.RestDocsTestExecutionListener@58009b9e, org.springframework.boot.test.autoconfigure.web.client.MockRestServiceServerResetTestExecutionListener@ac2fd4a, org.springframework.boot.test.autoconfigure.web.servlet.MockMvcPrintOnlyOnFailureTestExecutionListener@3cfa9fa8, org.springframework.boot.test.autoconfigure.web.servlet.WebDriverTestExecutionListener@39fc7c27, org.springframework.boot.test.autoconfigure.webservices.client.MockWebServiceServerTestExecutionListener@657ccced, org.springframework.boot.test.mock.mockito.ResetMocksTestExecutionListener@78c945a5]

  .   ____          _            __ _ _
 /\\ / ___'_ __ _ _(_)_ __  __ _ \ \ \ \
( ( )\___ | '_ | '_| | '_ \/ _` | \ \ \ \
 \\/  ___)| |_)| | | | | || (_| |  ) ) ) )
  '  |____| .__|_| |_|_| |_\__, | / / / /
 =========|_|==============|___/=/_/_/_/
 :: Spring Boot ::                (v2.5.0)

2021-05-31 15:09:13.796  INFO 9644 --- [    Test worker] c.e.i.InsuredOpenApiApplication          : Starting InsuredOpenApiApplication using Java 15.0.2 on Esls-MBP with PID 9644 (started by eslcloud in /Users/tolani/Documents/learn-projects/insured-open-api)
2021-05-31 15:09:13.796  INFO 9644 --- [    Test worker] c.e.i.InsuredOpenApiApplication          : No active profile set, falling back to default profiles: default
2021-05-31 15:09:14.033  INFO 9644 --- [    Test worker] .s.d.r.c.RepositoryConfigurationDelegate : Bootstrapping Spring Data JPA repositories in DEFAULT mode.
2021-05-31 15:09:14.043  INFO 9644 --- [    Test worker] .s.d.r.c.RepositoryConfigurationDelegate : Finished Spring Data repository scanning in 9 ms. Found 1 JPA repository interfaces.
2021-05-31 15:09:14.428  INFO 9644 --- [    Test worker] o.s.b.w.embedded.tomcat.TomcatWebServer  : Tomcat initialized with port(s): 8080 (http)
2021-05-31 15:09:14.452  INFO 9644 --- [    Test worker] o.apache.catalina.core.StandardService   : Starting service [Tomcat]
2021-05-31 15:09:14.453  INFO 9644 --- [    Test worker] org.apache.catalina.core.StandardEngine  : Starting Servlet engine: [Apache Tomcat/9.0.46]
2021-05-31 15:09:14.673  INFO 9644 --- [    Test worker] o.a.c.c.C.[Tomcat].[localhost].[/]       : Initializing Spring embedded WebApplicationContext
2021-05-31 15:09:14.674  INFO 9644 --- [    Test worker] w.s.c.ServletWebServerApplicationContext : Root WebApplicationContext: initialization completed in 874 ms
2021-05-31 15:09:14.845  INFO 9644 --- [    Test worker] o.hibernate.jpa.internal.util.LogHelper  : HHH000204: Processing PersistenceUnitInfo [name: default]
2021-05-31 15:09:14.853  INFO 9644 --- [    Test worker] com.zaxxer.hikari.HikariDataSource       : HikariPool-2 - Starting...
2021-05-31 15:09:14.854  INFO 9644 --- [    Test worker] com.zaxxer.hikari.HikariDataSource       : HikariPool-2 - Start completed.
2021-05-31 15:09:14.855  INFO 9644 --- [    Test worker] org.hibernate.dialect.Dialect            : HHH000400: Using dialect: org.hibernate.dialect.H2Dialect
2021-05-31 15:09:14.954  INFO 9644 --- [    Test worker] o.h.e.t.j.p.i.JtaPlatformInitiator       : HHH000490: Using JtaPlatform implementation: [org.hibernate.engine.transaction.jta.platform.internal.NoJtaPlatform]
2021-05-31 15:09:14.955  INFO 9644 --- [    Test worker] j.LocalContainerEntityManagerFactoryBean : Initialized JPA EntityManagerFactory for persistence unit 'default'
2021-05-31 15:09:15.063  WARN 9644 --- [    Test worker] JpaBaseConfiguration$JpaWebConfiguration : spring.jpa.open-in-view is enabled by default. Therefore, database queries may be performed during view rendering. Explicitly configure spring.jpa.open-in-view to disable this warning
2021-05-31 15:09:15.301  INFO 9644 --- [    Test worker] o.s.b.w.embedded.tomcat.TomcatWebServer  : Tomcat started on port(s): 8080 (http) with context path ''
2021-05-31 15:09:15.307  INFO 9644 --- [    Test worker] c.e.i.InsuredOpenApiApplication          : Started InsuredOpenApiApplication in 1.565 seconds (JVM running for 14.613)
2021-05-31 15:09:15.308  INFO 9644 --- [    Test worker] o.s.b.a.ApplicationAvailabilityBean      : Application availability state LivenessState changed to CORRECT
2021-05-31 15:09:15.310  INFO 9644 --- [    Test worker] o.s.b.a.ApplicationAvailabilityBean      : Application availability state ReadinessState changed to ACCEPTING_TRAFFIC
]]></system-out>
  <system-err><![CDATA[]]></system-err>
</testsuite>
